<testsuite name="sway" tests="4" failures="1" errors="1" skipped="1" time="<wall>"><properties><property name="overall" value="0.6500" /><property name="band" value="healthy" /><property name="component.adherence" value="0.8700" /><property name="component.attribution" value="0.3000" /><property name="component.calibration" value="0.5000" /><property name="component.ablation" value="0.0000" /><property name="component.baseline" value="1.0000" /></properties><testcase classname="delta_kl" name="dk" time="0.123" /><testcase classname="section_internalization" name="sis" time="0.456"><failure message="1/4 sections cleared effective_sis≥0.05" /></testcase><testcase classname="leakage" name="lk" time="0.001"><skipped message="no PROSE sections to test for leakage" /></testcase><testcase classname="adapter_ablation" name="ablation" time="0.000"><error message="backend does not implement ScalableDifferentialBackend" /></testcase></testsuite>
